<?xml version="1.0" encoding="UTF-8"?>
<testsuite xmlns:xsi="http://www.w3.org/2001/XMLSchema-instance" xsi:noNamespaceSchemaLocation="https://maven.apache.org/surefire/maven-surefire-plugin/xsd/surefire-test-report.xsd" version="3.0.2" name="isima.codereview.AwesomePasswordCheckerTest" time="0.072" tests="9" errors="0" skipped="0" failures="0">
  <properties>
[...]
</properties>
  <testcase name="testMaskAff_LowercaseLetters" classname="isima.codereview.AwesomePasswordCheckerTest" time="0.028"/>
  <testcase name="testMD5" classname="isima.codereview.AwesomePasswordCheckerTest" time="0.003"/>
  <testcase name="testMaskAff_UppercaseLetters" classname="isima.codereview.AwesomePasswordCheckerTest" time="0.001"/>
  <testcase name="testMaskAff_MixedCharacters" classname="isima.codereview.AwesomePasswordCheckerTest" time="0.003"/>
  <testcase name="testGetInstanceWithParam" classname="isima.codereview.AwesomePasswordCheckerTest" time="0.004"/>
  <testcase name="testGetDistance2" classname="isima.codereview.AwesomePasswordCheckerTest" time="0.002"/>
  <testcase name="testGetDistance" classname="isima.codereview.AwesomePasswordCheckerTest" time="0.001"/>
  <testcase name="testMaskAff_SpecialCharacters" classname="isima.codereview.AwesomePasswordCheckerTest" time="0.001"/>
  <testcase name="testGetInstance" classname="isima.codereview.AwesomePasswordCheckerTest" time="0.001"/>
</testsuite>